INFO:root:Выбрана опреция снятие средств
INFO:root:Снятие средств со счета
INFO:root:Работа функции снятие средств
INFO:root:Работа функции налог на богатство
INFO:root:Ввод суммы снятия
INFO:root:Проверка кратности 50 ти
INFO:root:Работа функции коммиссия за снятие средств 
INFO:root:Расчет коммисии
INFO:root:Коммиссия меньше 30 уе, списание 30 уе
INFO:root:Недостаточный баланс
INFO:root:Выбрана опреция пополнить баланс
INFO:root:Пополнение беленса
INFO:root:Работа функции пополнение счета
INFO:root:Работа функции налог на богатство
INFO:root:Ввод суммы пополнения
INFO:root:Проверка на кратность 50 ти
INFO:root:Баланс пополнен успешно
INFO:root:Вывод баланса
INFO:root:Выбрана опреция пополнить баланс
INFO:root:Пополнение беленса
INFO:root:Работа функции пополнение счета
INFO:root:Работа функции налог на богатство
INFO:root:Ввод суммы пополнения
INFO:root:Проверка на кратность 50 ти
INFO:root:Некорректная сумма ввода 
INFO:root:Выбрана опреция пополнить баланс
INFO:root:Пополнение беленса
INFO:root:Работа функции пополнение счета
INFO:root:Работа функции налог на богатство
INFO:root:Ввод суммы пополнения
INFO:root:Проверка на кратность 50 ти
INFO:root:Баланс пополнен успешно
INFO:root:Вывод баланса
INFO:root:Выбрана опреция пополнить баланс
INFO:root:Пополнение беленса
INFO:root:Работа функции пополнение счета
INFO:root:Работа функции налог на богатство
INFO:root:Ввод суммы пополнения
INFO:root:Проверка на кратность 50 ти
INFO:root:Баланс пополнен успешно
INFO:root:Вывод баланса
INFO:root:Начисление процента за каждую 3ю опрецию снятия/ внесения на счет
INFO:root:Выбрана опреция снятие средств
INFO:root:Снятие средств со счета
INFO:root:Работа функции снятие средств
INFO:root:Работа функции налог на богатство
INFO:root:Ввод суммы снятия
INFO:root:Проверка кратности 50 ти
INFO:root:Работа функции коммиссия за снятие средств 
INFO:root:Расчет коммисии
INFO:root:Коммиссия меньше 30 уе, списание 30 уе
INFO:root:Расчет суммы снятия средств c учетом комисии
INFO:root:Успешнное снятие средств
INFO:root:Вывод баланса
INFO:root:Выбрана опреция пополнить баланс
INFO:root:Пополнение беленса
INFO:root:Работа функции пополнение счета
INFO:root:Работа функции налог на богатство
INFO:root:Ввод суммы пополнения
INFO:root:Проверка на кратность 50 ти
INFO:root:Баланс пополнен успешно
INFO:root:Вывод баланса
INFO:root:Выбрана опреция пополнить баланс
INFO:root:Пополнение беленса
INFO:root:Работа функции пополнение счета
INFO:root:Работа функции налог на богатство
INFO:root:Ввод суммы пополнения
INFO:root:Проверка на кратность 50 ти
INFO:root:Баланс пополнен успешно
INFO:root:Вывод баланса
INFO:root:Начисление процента за каждую 3ю опрецию снятия/ внесения на счет
INFO:root:Выбрана опреция выход
INFO:root:Заврешение работы
